# JRE version: OpenJDK Runtime Environment (8.0_242-b01) (build 1.8.0_242-release-1644-b01)
# Java VM: OpenJDK 64-Bit Server VM (25.242-b01 mixed mode windows-amd64 compressed oops)
Heap:
 PSYoungGen      total 283136K, used 201605K [0x00000000d5580000, 0x00000000ed000000, 0x0000000100000000)
  eden space 259584K, 70% used [0x00000000d5580000,0x00000000e0902a30,0x00000000e5300000)
  from space 23552K, 75% used [0x00000000e8380000,0x00000000e94deb10,0x00000000e9a80000)
  to   space 49664K, 0% used [0x00000000e5300000,0x00000000e5300000,0x00000000e8380000)
 ParOldGen       total 122368K, used 92712K [0x0000000080000000, 0x0000000087780000, 0x00000000d5580000)
  object space 122368K, 75% used [0x0000000080000000,0x0000000085a8a2c0,0x0000000087780000)
 Metaspace       used 81379K, capacity 85932K, committed 87448K, reserved 1124352K
  class space    used 11052K, capacity 11881K, committed 12464K, reserved 1048576K
GC Heap History (10 events):
Event: 23.561 GC heap before
{Heap before GC invocations=28 (full 12):
 PSYoungGen      total 309248K, used 273920K [0x00000000d5580000, 0x00000000eb200000, 0x0000000100000000)
  eden space 273920K, 100% used [0x00000000d5580000,0x00000000e6100000,0x00000000e6100000)
  from space 35328K, 0% used [0x00000000e6100000,0x00000000e6100000,0x00000000e8380000)
  to   space 23552K, 0% used [0x00000000e8380000,0x00000000e8380000,0x00000000e9a80000)
 ParOldGen       total 122368K, used 111182K [0x0000000080000000, 0x0000000087780000, 0x00000000d5580000)
  object space 122368K, 90% used [0x0000000080000000,0x0000000086c93ab0,0x0000000087780000)
 Metaspace       used 79986K, capacity 84334K, committed 86040K, reserved 1122304K
  class space    used 10924K, capacity 11724K, committed 12336K, reserved 1048576K
Event: 24.016 GC heap after
Heap after GC invocations=28 (full 12):
 PSYoungGen      total 309248K, used 0K [0x00000000d5580000, 0x00000000eb200000, 0x0000000100000000)
  eden space 273920K, 0% used [0x00000000d5580000,0x00000000d5580000,0x00000000e6100000)
  from space 35328K, 0% used [0x00000000e6100000,0x00000000e6100000,0x00000000e8380000)
  to   space 23552K, 0% used [0x00000000e8380000,0x00000000e8380000,0x00000000e9a80000)
 ParOldGen       total 122368K, used 110507K [0x0000000080000000, 0x0000000087780000, 0x00000000d5580000)
  object space 122368K, 90% used [0x0000000080000000,0x0000000086beaf50,0x0000000087780000)
 Metaspace       used 79986K, capacity 84334K, committed 86040K, reserved 1122304K
  class space    used 10924K, capacity 11724K, committed 12336K, reserved 1048576K
}
Event: 24.382 GC heap before
{Heap before GC invocations=29 (full 13):
 PSYoungGen      total 309248K, used 273920K [0x00000000d5580000, 0x00000000eb200000, 0x0000000100000000)
  eden space 273920K, 100% used [0x00000000d5580000,0x00000000e6100000,0x00000000e6100000)
  from space 35328K, 0% used [0x00000000e6100000,0x00000000e6100000,0x00000000e8380000)
  to   space 23552K, 0% used [0x00000000e8380000,0x00000000e8380000,0x00000000e9a80000)
 ParOldGen       total 122368K, used 110507K [0x0000000080000000, 0x0000000087780000, 0x00000000d5580000)
  object space 122368K, 90% used [0x0000000080000000,0x0000000086beaf50,0x0000000087780000)
 Metaspace       used 80100K, capacity 84496K, committed 86296K, reserved 1124352K
  class space    used 10930K, capacity 11731K, committed 12336K, reserved 1048576K
Event: 25.330 GC heap after
Heap after GC invocations=29 (full 13):
 PSYoungGen      total 309248K, used 0K [0x00000000d5580000, 0x00000000eb200000, 0x0000000100000000)
  eden space 273920K, 0% used [0x00000000d5580000,0x00000000d5580000,0x00000000e6100000)
  from space 35328K, 0% used [0x00000000e6100000,0x00000000e6100000,0x00000000e8380000)
  to   space 23552K, 0% used [0x00000000e8380000,0x00000000e8380000,0x00000000e9a80000)
 ParOldGen       total 122368K, used 112040K [0x0000000080000000, 0x0000000087780000, 0x00000000d5580000)
  object space 122368K, 91% used [0x0000000080000000,0x0000000086d6a140,0x0000000087780000)
 Metaspace       used 80100K, capacity 84496K, committed 86296K, reserved 1124352K
  class space    used 10930K, capacity 11731K, committed 12336K, reserved 1048576K
}
Event: 25.814 GC heap before
{Heap before GC invocations=30 (full 14):
 PSYoungGen      total 309248K, used 273920K [0x00000000d5580000, 0x00000000eb200000, 0x0000000100000000)
  eden space 273920K, 100% used [0x00000000d5580000,0x00000000e6100000,0x00000000e6100000)
  from space 35328K, 0% used [0x00000000e6100000,0x00000000e6100000,0x00000000e8380000)
  to   space 23552K, 0% used [0x00000000e8380000,0x00000000e8380000,0x00000000e9a80000)
 ParOldGen       total 122368K, used 112040K [0x0000000080000000, 0x0000000087780000, 0x00000000d5580000)
  object space 122368K, 91% used [0x0000000080000000,0x0000000086d6a140,0x0000000087780000)
 Metaspace       used 80105K, capacity 84496K, committed 86296K, reserved 1124352K
  class space    used 10930K, capacity 11731K, committed 12336K, reserved 1048576K
Event: 26.141 GC heap after
Heap after GC invocations=30 (full 14):
 PSYoungGen      total 309248K, used 0K [0x00000000d5580000, 0x00000000eb200000, 0x0000000100000000)
  eden space 273920K, 0% used [0x00000000d5580000,0x00000000d5580000,0x00000000e6100000)
  from space 35328K, 0% used [0x00000000e6100000,0x00000000e6100000,0x00000000e8380000)
  to   space 23552K, 0% used [0x00000000e8380000,0x00000000e8380000,0x00000000e9a80000)
 ParOldGen       total 122368K, used 104863K [0x0000000080000000, 0x0000000087780000, 0x00000000d5580000)
  object space 122368K, 85% used [0x0000000080000000,0x0000000086667f20,0x0000000087780000)
 Metaspace       used 80105K, capacity 84496K, committed 86296K, reserved 1124352K
  class space    used 10930K, capacity 11731K, committed 12336K, reserved 1048576K
}
Event: 26.778 GC heap before
{Heap before GC invocations=31 (full 15):
 PSYoungGen      total 309248K, used 273920K [0x00000000d5580000, 0x00000000eb200000, 0x0000000100000000)
  eden space 273920K, 100% used [0x00000000d5580000,0x00000000e6100000,0x00000000e6100000)
  from space 35328K, 0% used [0x00000000e6100000,0x00000000e6100000,0x00000000e8380000)
  to   space 23552K, 0% used [0x00000000e8380000,0x00000000e8380000,0x00000000e9a80000)
 ParOldGen       total 122368K, used 104863K [0x0000000080000000, 0x0000000087780000, 0x00000000d5580000)
  object space 122368K, 85% used [0x0000000080000000,0x0000000086667f20,0x0000000087780000)
 Metaspace       used 80145K, capacity 84508K, committed 86296K, reserved 1124352K
  class space    used 10930K, capacity 11731K, committed 12336K, reserved 1048576K
Event: 27.094 GC heap after
Heap after GC invocations=31 (full 15):
 PSYoungGen      total 309248K, used 0K [0x00000000d5580000, 0x00000000eb200000, 0x0000000100000000)
  eden space 273920K, 0% used [0x00000000d5580000,0x00000000d5580000,0x00000000e6100000)
  from space 35328K, 0% used [0x00000000e6100000,0x00000000e6100000,0x00000000e8380000)
  to   space 23552K, 0% used [0x00000000e8380000,0x00000000e8380000,0x00000000e9a80000)
 ParOldGen       total 122368K, used 92704K [0x0000000080000000, 0x0000000087780000, 0x00000000d5580000)
  object space 122368K, 75% used [0x0000000080000000,0x0000000085a882c0,0x0000000087780000)
 Metaspace       used 80145K, capacity 84508K, committed 86296K, reserved 1124352K
  class space    used 10930K, capacity 11731K, committed 12336K, reserved 1048576K
}
Event: 28.731 GC heap before
{Heap before GC invocations=32 (full 15):
 PSYoungGen      total 309248K, used 273209K [0x00000000d5580000, 0x00000000eb200000, 0x0000000100000000)
  eden space 273920K, 99% used [0x00000000d5580000,0x00000000e604e448,0x00000000e6100000)
  from space 35328K, 0% used [0x00000000e6100000,0x00000000e6100000,0x00000000e8380000)
  to   space 23552K, 0% used [0x00000000e8380000,0x00000000e8380000,0x00000000e9a80000)
 ParOldGen       total 122368K, used 92704K [0x0000000080000000, 0x0000000087780000, 0x00000000d5580000)
  object space 122368K, 75% used [0x0000000080000000,0x0000000085a882c0,0x0000000087780000)
 Metaspace       used 80787K, capacity 85192K, committed 86808K, reserved 1124352K
  class space    used 10999K, capacity 11813K, committed 12336K, reserved 1048576K
Event: 28.751 GC heap after
Heap after GC invocations=32 (full 15):
 PSYoungGen      total 283136K, used 17786K [0x00000000d5580000, 0x00000000ed000000, 0x0000000100000000)
  eden space 259584K, 0% used [0x00000000d5580000,0x00000000d5580000,0x00000000e5300000)
  from space 23552K, 75% used [0x00000000e8380000,0x00000000e94deb10,0x00000000e9a80000)
  to   space 49664K, 0% used [0x00000000e5300000,0x00000000e5300000,0x00000000e8380000)
 ParOldGen       total 122368K, used 92712K [0x0000000080000000, 0x0000000087780000, 0x00000000d5580000)
  object space 122368K, 75% used [0x0000000080000000,0x0000000085a8a2c0,0x0000000087780000)
 Metaspace       used 80787K, capacity 85192K, committed 86808K, reserved 1124352K
  class space    used 10999K, capacity 11813K, committed 12336K, reserved 1048576K
}

