# JRE version: OpenJDK Runtime Environment (8.0_242-b01) (build 1.8.0_242-release-1644-b01)
# Java VM: OpenJDK 64-Bit Server VM (25.242-b01 mixed mode windows-amd64 compressed oops)
Heap:
 PSYoungGen      total 311808K, used 40031K [0x00000000d5580000, 0x00000000edc00000, 0x0000000100000000)
  eden space 275968K, 14% used [0x00000000d5580000,0x00000000d7c97cb0,0x00000000e6300000)
  from space 35840K, 0% used [0x00000000eb900000,0x00000000eb900000,0x00000000edc00000)
  to   space 26624K, 0% used [0x00000000e6300000,0x00000000e6300000,0x00000000e7d00000)
 ParOldGen       total 113664K, used 105202K [0x0000000080000000, 0x0000000086f00000, 0x00000000d5580000)
  object space 113664K, 92% used [0x0000000080000000,0x00000000866bc860,0x0000000086f00000)
 Metaspace       used 86459K, capacity 90880K, committed 94488K, reserved 1130496K
  class space    used 11773K, capacity 12620K, committed 13616K, reserved 1048576K
GC Heap History (10 events):
Event: 9.486 GC heap before
{Heap before GC invocations=14 (full 2):
 PSYoungGen      total 194048K, used 66217K [0x00000000d5580000, 0x00000000e5c80000, 0x0000000100000000)
  eden space 180736K, 29% used [0x00000000d5580000,0x00000000d8932130,0x00000000e0600000)
  from space 13312K, 99% used [0x00000000e0600000,0x00000000e12f84a8,0x00000000e1300000)
  to   space 20480K, 0% used [0x00000000e4880000,0x00000000e4880000,0x00000000e5c80000)
 ParOldGen       total 73216K, used 31274K [0x0000000080000000, 0x0000000084780000, 0x00000000d5580000)
  object space 73216K, 42% used [0x0000000080000000,0x0000000081e8aa90,0x0000000084780000)
 Metaspace       used 56520K, capacity 58958K, committed 59160K, reserved 1099776K
  class space    used 7732K, capacity 8218K, committed 8240K, reserved 1048576K
Event: 9.505 GC heap after
Heap after GC invocations=14 (full 2):
 PSYoungGen      total 249344K, used 4666K [0x00000000d5580000, 0x00000000e6600000, 0x0000000100000000)
  eden space 228864K, 0% used [0x00000000d5580000,0x00000000d5580000,0x00000000e3500000)
  from space 20480K, 22% used [0x00000000e4880000,0x00000000e4d0e8b0,0x00000000e5c80000)
  to   space 19968K, 0% used [0x00000000e3500000,0x00000000e3500000,0x00000000e4880000)
 ParOldGen       total 73216K, used 42356K [0x0000000080000000, 0x0000000084780000, 0x00000000d5580000)
  object space 73216K, 57% used [0x0000000080000000,0x000000008295d280,0x0000000084780000)
 Metaspace       used 56520K, capacity 58958K, committed 59160K, reserved 1099776K
  class space    used 7732K, capacity 8218K, committed 8240K, reserved 1048576K
}
Event: 9.505 GC heap before
{Heap before GC invocations=15 (full 3):
 PSYoungGen      total 249344K, used 4666K [0x00000000d5580000, 0x00000000e6600000, 0x0000000100000000)
  eden space 228864K, 0% used [0x00000000d5580000,0x00000000d5580000,0x00000000e3500000)
  from space 20480K, 22% used [0x00000000e4880000,0x00000000e4d0e8b0,0x00000000e5c80000)
  to   space 19968K, 0% used [0x00000000e3500000,0x00000000e3500000,0x00000000e4880000)
 ParOldGen       total 73216K, used 42356K [0x0000000080000000, 0x0000000084780000, 0x00000000d5580000)
  object space 73216K, 57% used [0x0000000080000000,0x000000008295d280,0x0000000084780000)
 Metaspace       used 56520K, capacity 58958K, committed 59160K, reserved 1099776K
  class space    used 7732K, capacity 8218K, committed 8240K, reserved 1048576K
Event: 9.766 GC heap after
Heap after GC invocations=15 (full 3):
 PSYoungGen      total 249344K, used 0K [0x00000000d5580000, 0x00000000e6600000, 0x0000000100000000)
  eden space 228864K, 0% used [0x00000000d5580000,0x00000000d5580000,0x00000000e3500000)
  from space 20480K, 0% used [0x00000000e4880000,0x00000000e4880000,0x00000000e5c80000)
  to   space 19968K, 0% used [0x00000000e3500000,0x00000000e3500000,0x00000000e4880000)
 ParOldGen       total 113664K, used 33422K [0x0000000080000000, 0x0000000086f00000, 0x00000000d5580000)
  object space 113664K, 29% used [0x0000000080000000,0x00000000820a3a28,0x0000000086f00000)
 Metaspace       used 56473K, capacity 58796K, committed 59160K, reserved 1099776K
  class space    used 7717K, capacity 8191K, committed 8240K, reserved 1048576K
}
Event: 13.376 GC heap before
{Heap before GC invocations=16 (full 3):
 PSYoungGen      total 249344K, used 228864K [0x00000000d5580000, 0x00000000e6600000, 0x0000000100000000)
  eden space 228864K, 100% used [0x00000000d5580000,0x00000000e3500000,0x00000000e3500000)
  from space 20480K, 0% used [0x00000000e4880000,0x00000000e4880000,0x00000000e5c80000)
  to   space 19968K, 0% used [0x00000000e3500000,0x00000000e3500000,0x00000000e4880000)
 ParOldGen       total 113664K, used 33422K [0x0000000080000000, 0x0000000086f00000, 0x00000000d5580000)
  object space 113664K, 29% used [0x0000000080000000,0x00000000820a3a28,0x0000000086f00000)
 Metaspace       used 64837K, capacity 68086K, committed 68248K, reserved 1107968K
  class space    used 8958K, capacity 9566K, committed 9648K, reserved 1048576K
Event: 13.395 GC heap after
Heap after GC invocations=16 (full 3):
 PSYoungGen      total 248832K, used 19547K [0x00000000d5580000, 0x00000000e9700000, 0x0000000100000000)
  eden space 228864K, 0% used [0x00000000d5580000,0x00000000d5580000,0x00000000e3500000)
  from space 19968K, 97% used [0x00000000e3500000,0x00000000e4816d88,0x00000000e4880000)
  to   space 23040K, 0% used [0x00000000e8080000,0x00000000e8080000,0x00000000e9700000)
 ParOldGen       total 113664K, used 33430K [0x0000000080000000, 0x0000000086f00000, 0x00000000d5580000)
  object space 113664K, 29% used [0x0000000080000000,0x00000000820a5a28,0x0000000086f00000)
 Metaspace       used 64837K, capacity 68086K, committed 68248K, reserved 1107968K
  class space    used 8958K, capacity 9566K, committed 9648K, reserved 1048576K
}
Event: 24.686 GC heap before
{Heap before GC invocations=17 (full 3):
 PSYoungGen      total 248832K, used 248352K [0x00000000d5580000, 0x00000000e9700000, 0x0000000100000000)
  eden space 228864K, 99% used [0x00000000d5580000,0x00000000e34f12e0,0x00000000e3500000)
  from space 19968K, 97% used [0x00000000e3500000,0x00000000e4816d88,0x00000000e4880000)
  to   space 23040K, 0% used [0x00000000e8080000,0x00000000e8080000,0x00000000e9700000)
 ParOldGen       total 113664K, used 33430K [0x0000000080000000, 0x0000000086f00000, 0x00000000d5580000)
  object space 113664K, 29% used [0x0000000080000000,0x00000000820a5a28,0x0000000086f00000)
 Metaspace       used 72608K, capacity 76208K, committed 76440K, reserved 1116160K
  class space    used 9957K, capacity 10640K, committed 10672K, reserved 1048576K
Event: 24.718 GC heap after
Heap after GC invocations=17 (full 3):
 PSYoungGen      total 298496K, used 22817K [0x00000000d5580000, 0x00000000e9700000, 0x0000000100000000)
  eden space 275456K, 0% used [0x00000000d5580000,0x00000000d5580000,0x00000000e6280000)
  from space 23040K, 99% used [0x00000000e8080000,0x00000000e96c8550,0x00000000e9700000)
  to   space 26624K, 0% used [0x00000000e6300000,0x00000000e6300000,0x00000000e7d00000)
 ParOldGen       total 113664K, used 33438K [0x0000000080000000, 0x0000000086f00000, 0x00000000d5580000)
  object space 113664K, 29% used [0x0000000080000000,0x00000000820a7a28,0x0000000086f00000)
 Metaspace       used 72608K, capacity 76208K, committed 76440K, reserved 1116160K
  class space    used 9957K, capacity 10640K, committed 10672K, reserved 1048576K
}
Event: 28.929 GC heap before
{Heap before GC invocations=18 (full 3):
 PSYoungGen      total 298496K, used 298273K [0x00000000d5580000, 0x00000000e9700000, 0x0000000100000000)
  eden space 275456K, 100% used [0x00000000d5580000,0x00000000e6280000,0x00000000e6280000)
  from space 23040K, 99% used [0x00000000e8080000,0x00000000e96c8550,0x00000000e9700000)
  to   space 26624K, 0% used [0x00000000e6300000,0x00000000e6300000,0x00000000e7d00000)
 ParOldGen       total 113664K, used 33438K [0x0000000080000000, 0x0000000086f00000, 0x00000000d5580000)
  object space 113664K, 29% used [0x0000000080000000,0x00000000820a7a28,0x0000000086f00000)
 Metaspace       used 78968K, capacity 83216K, committed 83480K, reserved 1122304K
  class space    used 10765K, capacity 11510K, committed 11568K, reserved 1048576K
Event: 28.990 GC heap after
Heap after GC invocations=18 (full 3):
 PSYoungGen      total 302592K, used 26596K [0x00000000d5580000, 0x00000000edc00000, 0x0000000100000000)
  eden space 275968K, 0% used [0x00000000d5580000,0x00000000d5580000,0x00000000e6300000)
  from space 26624K, 99% used [0x00000000e6300000,0x00000000e7cf9310,0x00000000e7d00000)
  to   space 35840K, 0% used [0x00000000eb900000,0x00000000eb900000,0x00000000edc00000)
 ParOldGen       total 113664K, used 47368K [0x0000000080000000, 0x0000000086f00000, 0x00000000d5580000)
  object space 113664K, 41% used [0x0000000080000000,0x0000000082e42350,0x0000000086f00000)
 Metaspace       used 78968K, capacity 83216K, committed 83480K, reserved 1122304K
  class space    used 10765K, capacity 11510K, committed 11568K, reserved 1048576K
}

