# JRE version: OpenJDK Runtime Environment (8.0_242-b01) (build 1.8.0_242-release-1644-b01)
# Java VM: OpenJDK 64-Bit Server VM (25.242-b01 mixed mode windows-amd64 compressed oops)
Heap:
 PSYoungGen      total 270848K, used 18347K [0x00000000d5580000, 0x00000000e7c00000, 0x0000000100000000)
  eden space 249344K, 4% used [0x00000000d5580000,0x00000000d6040ef0,0x00000000e4900000)
  from space 21504K, 34% used [0x00000000e6700000,0x00000000e6e4b498,0x00000000e7c00000)
  to   space 26112K, 0% used [0x00000000e4900000,0x00000000e4900000,0x00000000e6280000)
 ParOldGen       total 135168K, used 83736K [0x0000000080000000, 0x0000000088400000, 0x00000000d5580000)
  object space 135168K, 61% used [0x0000000080000000,0x00000000851c6088,0x0000000088400000)
 Metaspace       used 85526K, capacity 90068K, committed 93480K, reserved 1130496K
  class space    used 11495K, capacity 12329K, committed 13360K, reserved 1048576K
GC Heap History (10 events):
Event: 52.104 GC heap before
{Heap before GC invocations=17 (full 3):
 PSYoungGen      total 275456K, used 275430K [0x00000000d5580000, 0x00000000e7c00000, 0x0000000100000000)
  eden space 249344K, 100% used [0x00000000d5580000,0x00000000e4900000,0x00000000e4900000)
  from space 26112K, 99% used [0x00000000e4900000,0x00000000e6279b38,0x00000000e6280000)
  to   space 21504K, 0% used [0x00000000e6700000,0x00000000e6700000,0x00000000e7c00000)
 ParOldGen       total 135168K, used 34289K [0x0000000080000000, 0x0000000088400000, 0x00000000d5580000)
  object space 135168K, 25% used [0x0000000080000000,0x000000008217c690,0x0000000088400000)
 Metaspace       used 75465K, capacity 79534K, committed 79656K, reserved 1118208K
  class space    used 10219K, capacity 10940K, committed 11056K, reserved 1048576K
Event: 52.209 GC heap after
Heap after GC invocations=17 (full 3):
 PSYoungGen      total 270848K, used 21485K [0x00000000d5580000, 0x00000000e7c00000, 0x0000000100000000)
  eden space 249344K, 0% used [0x00000000d5580000,0x00000000d5580000,0x00000000e4900000)
  from space 21504K, 99% used [0x00000000e6700000,0x00000000e7bfb7f0,0x00000000e7c00000)
  to   space 26112K, 0% used [0x00000000e4900000,0x00000000e4900000,0x00000000e6280000)
 ParOldGen       total 135168K, used 54968K [0x0000000080000000, 0x0000000088400000, 0x00000000d5580000)
  object space 135168K, 40% used [0x0000000080000000,0x00000000835ae208,0x0000000088400000)
 Metaspace       used 75465K, capacity 79534K, committed 79656K, reserved 1118208K
  class space    used 10219K, capacity 10940K, committed 11056K, reserved 1048576K
}
Event: 57.300 GC heap before
{Heap before GC invocations=18 (full 3):
 PSYoungGen      total 270848K, used 270829K [0x00000000d5580000, 0x00000000e7c00000, 0x0000000100000000)
  eden space 249344K, 100% used [0x00000000d5580000,0x00000000e4900000,0x00000000e4900000)
  from space 21504K, 99% used [0x00000000e6700000,0x00000000e7bfb7f0,0x00000000e7c00000)
  to   space 26112K, 0% used [0x00000000e4900000,0x00000000e4900000,0x00000000e6280000)
 ParOldGen       total 135168K, used 54968K [0x0000000080000000, 0x0000000088400000, 0x00000000d5580000)
  object space 135168K, 40% used [0x0000000080000000,0x00000000835ae208,0x0000000088400000)
 Metaspace       used 85466K, capacity 91576K, committed 91816K, reserved 1128448K
  class space    used 11935K, capacity 13177K, committed 13232K, reserved 1048576K
Event: 57.375 GC heap after
Heap after GC invocations=18 (full 3):
 PSYoungGen      total 275456K, used 26111K [0x00000000d5580000, 0x00000000e7c00000, 0x0000000100000000)
  eden space 249344K, 0% used [0x00000000d5580000,0x00000000d5580000,0x00000000e4900000)
  from space 26112K, 99% used [0x00000000e4900000,0x00000000e627fcb0,0x00000000e6280000)
  to   space 21504K, 0% used [0x00000000e6700000,0x00000000e6700000,0x00000000e7c00000)
 ParOldGen       total 135168K, used 89024K [0x0000000080000000, 0x0000000088400000, 0x00000000d5580000)
  object space 135168K, 65% used [0x0000000080000000,0x00000000856f0330,0x0000000088400000)
 Metaspace       used 85466K, capacity 91576K, committed 91816K, reserved 1128448K
  class space    used 11935K, capacity 13177K, committed 13232K, reserved 1048576K
}
Event: 59.106 GC heap before
{Heap before GC invocations=19 (full 3):
 PSYoungGen      total 275456K, used 275455K [0x00000000d5580000, 0x00000000e7c00000, 0x0000000100000000)
  eden space 249344K, 100% used [0x00000000d5580000,0x00000000e4900000,0x00000000e4900000)
  from space 26112K, 99% used [0x00000000e4900000,0x00000000e627fcb0,0x00000000e6280000)
  to   space 21504K, 0% used [0x00000000e6700000,0x00000000e6700000,0x00000000e7c00000)
 ParOldGen       total 135168K, used 89024K [0x0000000080000000, 0x0000000088400000, 0x00000000d5580000)
  object space 135168K, 65% used [0x0000000080000000,0x00000000856f0330,0x0000000088400000)
 Metaspace       used 86347K, capacity 92726K, committed 92968K, reserved 1130496K
  class space    used 12016K, capacity 13274K, committed 13360K, reserved 1048576K
Event: 59.148 GC heap after
Heap after GC invocations=19 (full 3):
 PSYoungGen      total 270848K, used 21498K [0x00000000d5580000, 0x00000000e7c00000, 0x0000000100000000)
  eden space 249344K, 0% used [0x00000000d5580000,0x00000000d5580000,0x00000000e4900000)
  from space 21504K, 99% used [0x00000000e6700000,0x00000000e7bfebd0,0x00000000e7c00000)
  to   space 26112K, 0% used [0x00000000e4900000,0x00000000e4900000,0x00000000e6280000)
 ParOldGen       total 135168K, used 108208K [0x0000000080000000, 0x0000000088400000, 0x00000000d5580000)
  object space 135168K, 80% used [0x0000000080000000,0x00000000869ac210,0x0000000088400000)
 Metaspace       used 86347K, capacity 92726K, committed 92968K, reserved 1130496K
  class space    used 12016K, capacity 13274K, committed 13360K, reserved 1048576K
}
Event: 59.148 GC heap before
{Heap before GC invocations=20 (full 4):
 PSYoungGen      total 270848K, used 21498K [0x00000000d5580000, 0x00000000e7c00000, 0x0000000100000000)
  eden space 249344K, 0% used [0x00000000d5580000,0x00000000d5580000,0x00000000e4900000)
  from space 21504K, 99% used [0x00000000e6700000,0x00000000e7bfebd0,0x00000000e7c00000)
  to   space 26112K, 0% used [0x00000000e4900000,0x00000000e4900000,0x00000000e6280000)
 ParOldGen       total 135168K, used 108208K [0x0000000080000000, 0x0000000088400000, 0x00000000d5580000)
  object space 135168K, 80% used [0x0000000080000000,0x00000000869ac210,0x0000000088400000)
 Metaspace       used 86347K, capacity 92726K, committed 92968K, reserved 1130496K
  class space    used 12016K, capacity 13274K, committed 13360K, reserved 1048576K
Event: 59.387 GC heap after
Heap after GC invocations=20 (full 4):
 PSYoungGen      total 270848K, used 0K [0x00000000d5580000, 0x00000000e7c00000, 0x0000000100000000)
  eden space 249344K, 0% used [0x00000000d5580000,0x00000000d5580000,0x00000000e4900000)
  from space 21504K, 0% used [0x00000000e6700000,0x00000000e6700000,0x00000000e7c00000)
  to   space 26112K, 0% used [0x00000000e4900000,0x00000000e4900000,0x00000000e6280000)
 ParOldGen       total 135168K, used 83728K [0x0000000080000000, 0x0000000088400000, 0x00000000d5580000)
  object space 135168K, 61% used [0x0000000080000000,0x00000000851c4088,0x0000000088400000)
 Metaspace       used 84863K, capacity 89306K, committed 92968K, reserved 1130496K
  class space    used 11484K, capacity 12320K, committed 13360K, reserved 1048576K
}
Event: 60.294 GC heap before
{Heap before GC invocations=21 (full 4):
 PSYoungGen      total 270848K, used 249344K [0x00000000d5580000, 0x00000000e7c00000, 0x0000000100000000)
  eden space 249344K, 100% used [0x00000000d5580000,0x00000000e4900000,0x00000000e4900000)
  from space 21504K, 0% used [0x00000000e6700000,0x00000000e6700000,0x00000000e7c00000)
  to   space 26112K, 0% used [0x00000000e4900000,0x00000000e4900000,0x00000000e6280000)
 ParOldGen       total 135168K, used 83728K [0x0000000080000000, 0x0000000088400000, 0x00000000d5580000)
  object space 135168K, 61% used [0x0000000080000000,0x00000000851c4088,0x0000000088400000)
 Metaspace       used 85271K, capacity 89768K, committed 93224K, reserved 1130496K
  class space    used 11491K, capacity 12325K, committed 13360K, reserved 1048576K
Event: 60.305 GC heap after
Heap after GC invocations=21 (full 4):
 PSYoungGen      total 275456K, used 5651K [0x00000000d5580000, 0x00000000e7c00000, 0x0000000100000000)
  eden space 249344K, 0% used [0x00000000d5580000,0x00000000d5580000,0x00000000e4900000)
  from space 26112K, 21% used [0x00000000e4900000,0x00000000e4e84c20,0x00000000e6280000)
  to   space 21504K, 0% used [0x00000000e6700000,0x00000000e6700000,0x00000000e7c00000)
 ParOldGen       total 135168K, used 83728K [0x0000000080000000, 0x0000000088400000, 0x00000000d5580000)
  object space 135168K, 61% used [0x0000000080000000,0x00000000851c4088,0x0000000088400000)
 Metaspace       used 85271K, capacity 89768K, committed 93224K, reserved 1130496K
  class space    used 11491K, capacity 12325K, committed 13360K, reserved 1048576K
}

